[0.251s] Invoking command in '/home/rosking/chapt7/chapt7_ws/build/fishbot_navigation2': CMAKE_PREFIX_PATH=/opt/ros/humble /usr/bin/cmake /home/rosking/chapt7/chapt7_ws/src/fishbot_navigation2 -DCMAKE_INSTALL_PREFIX=/home/rosking/chapt7/chapt7_ws/install/fishbot_navigation2
[0.433s] -- The C compiler identification is GNU 11.4.0
[1.421s] -- The CXX compiler identification is GNU 11.4.0
[2.281s] -- Detecting C compiler ABI info
[2.532s] -- Detecting C compiler ABI info - done
[2.536s] -- Check for working C compiler: /usr/bin/cc - skipped
[2.536s] -- Detecting C compile features
[2.536s] -- Detecting C compile features - done
[2.538s] -- Detecting CXX compiler ABI info
[2.832s] -- Detecting CXX compiler ABI info - done
[2.836s] -- Check for working CXX compiler: /usr/bin/c++ - skipped
[2.836s] -- Detecting CXX compile features
[2.836s] -- Detecting CXX compile features - done
[2.838s] -- Found ament_cmake: 1.3.11 (/opt/ros/humble/share/ament_cmake/cmake)
[2.910s] -- Found Python3: /usr/bin/python3 (found version "3.10.12") found components: Interpreter 
[2.951s] -- Found ament_lint_auto: 0.12.12 (/opt/ros/humble/share/ament_lint_auto/cmake)
[2.989s] -- Added test 'flake8' to check Python code syntax and style conventions
[2.989s] -- Added test 'lint_cmake' to check CMake code style
[2.990s] -- Added test 'pep257' to check Python code against some of the docstring style conventions in PEP 257
[2.990s] -- Added test 'xmllint' to check XML markup files
[2.991s] -- Configuring done
[2.992s] -- Generating done
[2.993s] -- Build files have been written to: /home/rosking/chapt7/chapt7_ws/build/fishbot_navigation2
[2.996s] Invoked command in '/home/rosking/chapt7/chapt7_ws/build/fishbot_navigation2' returned '0': CMAKE_PREFIX_PATH=/opt/ros/humble /usr/bin/cmake /home/rosking/chapt7/chapt7_ws/src/fishbot_navigation2 -DCMAKE_INSTALL_PREFIX=/home/rosking/chapt7/chapt7_ws/install/fishbot_navigation2
[2.996s] Invoking command in '/home/rosking/chapt7/chapt7_ws/build/fishbot_navigation2': CMAKE_PREFIX_PATH=/opt/ros/humble /usr/bin/cmake --build /home/rosking/chapt7/chapt7_ws/build/fishbot_navigation2 -- -j28 -l28
[3.012s] Invoked command in '/home/rosking/chapt7/chapt7_ws/build/fishbot_navigation2' returned '0': CMAKE_PREFIX_PATH=/opt/ros/humble /usr/bin/cmake --build /home/rosking/chapt7/chapt7_ws/build/fishbot_navigation2 -- -j28 -l28
[3.013s] Invoking command in '/home/rosking/chapt7/chapt7_ws/build/fishbot_navigation2': CMAKE_PREFIX_PATH=/opt/ros/humble /usr/bin/cmake --install /home/rosking/chapt7/chapt7_ws/build/fishbot_navigation2
[3.016s] -- Install configuration: ""
[3.016s] -- Installing: /home/rosking/chapt7/chapt7_ws/install/fishbot_navigation2/share/fishbot_navigation2/launch
[3.016s] -- Installing: /home/rosking/chapt7/chapt7_ws/install/fishbot_navigation2/share/fishbot_navigation2/launch/navigation2.launch.py
[3.016s] -- Installing: /home/rosking/chapt7/chapt7_ws/install/fishbot_navigation2/share/fishbot_navigation2/maps
[3.016s] -- Installing: /home/rosking/chapt7/chapt7_ws/install/fishbot_navigation2/share/fishbot_navigation2/maps/room.yaml
[3.016s] -- Installing: /home/rosking/chapt7/chapt7_ws/install/fishbot_navigation2/share/fishbot_navigation2/maps/room.pgm
[3.017s] -- Installing: /home/rosking/chapt7/chapt7_ws/install/fishbot_navigation2/share/fishbot_navigation2/config
[3.017s] -- Installing: /home/rosking/chapt7/chapt7_ws/install/fishbot_navigation2/share/fishbot_navigation2/config/nav2_params.yaml
[3.018s] -- Installing: /home/rosking/chapt7/chapt7_ws/install/fishbot_navigation2/share/ament_index/resource_index/package_run_dependencies/fishbot_navigation2
[3.018s] -- Installing: /home/rosking/chapt7/chapt7_ws/install/fishbot_navigation2/share/ament_index/resource_index/parent_prefix_path/fishbot_navigation2
[3.018s] -- Installing: /home/rosking/chapt7/chapt7_ws/install/fishbot_navigation2/share/fishbot_navigation2/environment/ament_prefix_path.sh
[3.018s] -- Installing: /home/rosking/chapt7/chapt7_ws/install/fishbot_navigation2/share/fishbot_navigation2/environment/ament_prefix_path.dsv
[3.018s] -- Installing: /home/rosking/chapt7/chapt7_ws/install/fishbot_navigation2/share/fishbot_navigation2/environment/path.sh
[3.018s] -- Installing: /home/rosking/chapt7/chapt7_ws/install/fishbot_navigation2/share/fishbot_navigation2/environment/path.dsv
[3.018s] -- Installing: /home/rosking/chapt7/chapt7_ws/install/fishbot_navigation2/share/fishbot_navigation2/local_setup.bash
[3.018s] -- Installing: /home/rosking/chapt7/chapt7_ws/install/fishbot_navigation2/share/fishbot_navigation2/local_setup.sh
[3.018s] -- Installing: /home/rosking/chapt7/chapt7_ws/install/fishbot_navigation2/share/fishbot_navigation2/local_setup.zsh
[3.018s] -- Installing: /home/rosking/chapt7/chapt7_ws/install/fishbot_navigation2/share/fishbot_navigation2/local_setup.dsv
[3.018s] -- Installing: /home/rosking/chapt7/chapt7_ws/install/fishbot_navigation2/share/fishbot_navigation2/package.dsv
[3.018s] -- Installing: /home/rosking/chapt7/chapt7_ws/install/fishbot_navigation2/share/ament_index/resource_index/packages/fishbot_navigation2
[3.018s] -- Installing: /home/rosking/chapt7/chapt7_ws/install/fishbot_navigation2/share/fishbot_navigation2/cmake/fishbot_navigation2Config.cmake
[3.019s] -- Installing: /home/rosking/chapt7/chapt7_ws/install/fishbot_navigation2/share/fishbot_navigation2/cmake/fishbot_navigation2Config-version.cmake
[3.019s] -- Installing: /home/rosking/chapt7/chapt7_ws/install/fishbot_navigation2/share/fishbot_navigation2/package.xml
[3.019s] Invoked command in '/home/rosking/chapt7/chapt7_ws/build/fishbot_navigation2' returned '0': CMAKE_PREFIX_PATH=/opt/ros/humble /usr/bin/cmake --install /home/rosking/chapt7/chapt7_ws/build/fishbot_navigation2
