[0.259s] DEBUG:colcon:Command line arguments: ['/usr/bin/colcon', 'build']
[0.259s] DEBUG:colcon:Parsed command line arguments: Namespace(log_base=None, log_level=None, verb_name='build', build_base='build', install_base='install', merge_install=False, symlink_install=False, test_result_base=None, continue_on_error=False, executor='parallel', parallel_workers=28, event_handlers=None, ignore_user_meta=False, metas=['./colcon.meta'], base_paths=['.'], packages_ignore=None, packages_ignore_regex=None, paths=None, packages_up_to=None, packages_up_to_regex=None, packages_above=None, packages_above_and_dependencies=None, packages_above_depth=None, packages_select_by_dep=None, packages_skip_by_dep=None, packages_skip_up_to=None, packages_select_build_failed=False, packages_skip_build_finished=False, packages_select_test_failures=False, packages_skip_test_passed=False, packages_select=None, packages_skip=None, packages_select_regex=None, packages_skip_regex=None, packages_start=None, packages_end=None, allow_overriding=[], cmake_args=None, cmake_target=None, cmake_target_skip_unavailable=False, cmake_clean_cache=False, cmake_clean_first=False, cmake_force_configure=False, ament_cmake_args=None, catkin_cmake_args=None, catkin_skip_building_tests=False, verb_parser=<colcon_defaults.argument_parser.defaults.DefaultArgumentsDecorator object at 0x7f1514993820>, verb_extension=<colcon_core.verb.build.BuildVerb object at 0x7f1514b58ca0>, main=<bound method BuildVerb.main of <colcon_core.verb.build.BuildVerb object at 0x7f1514b58ca0>>)
[0.393s] Level 1:colcon.colcon_core.package_discovery:discover_packages(colcon_meta) check parameters
[0.393s] Level 1:colcon.colcon_core.package_discovery:discover_packages(recursive) check parameters
[0.393s] Level 1:colcon.colcon_core.package_discovery:discover_packages(ignore) check parameters
[0.393s] Level 1:colcon.colcon_core.package_discovery:discover_packages(path) check parameters
[0.393s] Level 1:colcon.colcon_core.package_discovery:discover_packages(colcon_meta) discover
[0.393s] Level 1:colcon.colcon_core.package_discovery:discover_packages(recursive) discover
[0.393s] INFO:colcon.colcon_core.package_discovery:Crawling recursively for packages in '/home/rosking/chapt7/chapt7_ws'
[0.393s] Level 1:colcon.colcon_core.package_identification:_identify(.) by extensions ['ignore', 'ignore_ament_install']
[0.393s] Level 1:colcon.colcon_core.package_identification:_identify(.) by extension 'ignore'
[0.393s] Level 1:colcon.colcon_core.package_identification:_identify(.) by extension 'ignore_ament_install'
[0.393s] Level 1:colcon.colcon_core.package_identification:_identify(.) by extensions ['colcon_pkg']
[0.393s] Level 1:colcon.colcon_core.package_identification:_identify(.) by extension 'colcon_pkg'
[0.393s] Level 1:colcon.colcon_core.package_identification:_identify(.) by extensions ['colcon_meta']
[0.393s] Level 1:colcon.colcon_core.package_identification:_identify(.) by extension 'colcon_meta'
[0.393s] Level 1:colcon.colcon_core.package_identification:_identify(.) by extensions ['ros']
[0.393s] Level 1:colcon.colcon_core.package_identification:_identify(.) by extension 'ros'
[0.400s] Level 1:colcon.colcon_core.package_identification:_identify(.) by extensions ['cmake', 'python']
[0.400s] Level 1:colcon.colcon_core.package_identification:_identify(.) by extension 'cmake'
[0.400s] Level 1:colcon.colcon_core.package_identification:_identify(.) by extension 'python'
[0.401s] Level 1:colcon.colcon_core.package_identification:_identify(.) by extensions ['python_setup_py']
[0.401s] Level 1:colcon.colcon_core.package_identification:_identify(.) by extension 'python_setup_py'
[0.401s] Level 1:colcon.colcon_core.package_identification:_identify(build) by extensions ['ignore', 'ignore_ament_install']
[0.401s] Level 1:colcon.colcon_core.package_identification:_identify(build) by extension 'ignore'
[0.401s] Level 1:colcon.colcon_core.package_identification:_identify(build) ignored
[0.401s] Level 1:colcon.colcon_core.package_identification:_identify(install) by extensions ['ignore', 'ignore_ament_install']
[0.401s] Level 1:colcon.colcon_core.package_identification:_identify(install) by extension 'ignore'
[0.401s] Level 1:colcon.colcon_core.package_identification:_identify(install) ignored
[0.401s] Level 1:colcon.colcon_core.package_identification:_identify(log) by extensions ['ignore', 'ignore_ament_install']
[0.401s] Level 1:colcon.colcon_core.package_identification:_identify(log) by extension 'ignore'
[0.401s] Level 1:colcon.colcon_core.package_identification:_identify(log) ignored
[0.401s] Level 1:colcon.colcon_core.package_identification:_identify(src) by extensions ['ignore', 'ignore_ament_install']
[0.401s] Level 1:colcon.colcon_core.package_identification:_identify(src) by extension 'ignore'
[0.401s] Level 1:colcon.colcon_core.package_identification:_identify(src) by extension 'ignore_ament_install'
[0.401s] Level 1:colcon.colcon_core.package_identification:_identify(src) by extensions ['colcon_pkg']
[0.401s] Level 1:colcon.colcon_core.package_identification:_identify(src) by extension 'colcon_pkg'
[0.401s] Level 1:colcon.colcon_core.package_identification:_identify(src) by extensions ['colcon_meta']
[0.401s] Level 1:colcon.colcon_core.package_identification:_identify(src) by extension 'colcon_meta'
[0.401s] Level 1:colcon.colcon_core.package_identification:_identify(src) by extensions ['ros']
[0.401s] Level 1:colcon.colcon_core.package_identification:_identify(src) by extension 'ros'
[0.401s] Level 1:colcon.colcon_core.package_identification:_identify(src) by extensions ['cmake', 'python']
[0.401s] Level 1:colcon.colcon_core.package_identification:_identify(src) by extension 'cmake'
[0.401s] Level 1:colcon.colcon_core.package_identification:_identify(src) by extension 'python'
[0.401s] Level 1:colcon.colcon_core.package_identification:_identify(src) by extensions ['python_setup_py']
[0.401s] Level 1:colcon.colcon_core.package_identification:_identify(src) by extension 'python_setup_py'
[0.401s] Level 1:colcon.colcon_core.package_identification:_identify(src/autopartol_robot) by extensions ['ignore', 'ignore_ament_install']
[0.401s] Level 1:colcon.colcon_core.package_identification:_identify(src/autopartol_robot) by extension 'ignore'
[0.401s] Level 1:colcon.colcon_core.package_identification:_identify(src/autopartol_robot) by extension 'ignore_ament_install'
[0.401s] Level 1:colcon.colcon_core.package_identification:_identify(src/autopartol_robot) by extensions ['colcon_pkg']
[0.401s] Level 1:colcon.colcon_core.package_identification:_identify(src/autopartol_robot) by extension 'colcon_pkg'
[0.401s] Level 1:colcon.colcon_core.package_identification:_identify(src/autopartol_robot) by extensions ['colcon_meta']
[0.401s] Level 1:colcon.colcon_core.package_identification:_identify(src/autopartol_robot) by extension 'colcon_meta'
[0.401s] Level 1:colcon.colcon_core.package_identification:_identify(src/autopartol_robot) by extensions ['ros']
[0.401s] Level 1:colcon.colcon_core.package_identification:_identify(src/autopartol_robot) by extension 'ros'
[0.403s] DEBUG:colcon.colcon_core.package_identification:Package 'src/autopartol_robot' with type 'ros.ament_python' and name 'autopartol_robot'
[0.403s] Level 1:colcon.colcon_core.package_identification:_identify(src/autopatol_interfaces) by extensions ['ignore', 'ignore_ament_install']
[0.403s] Level 1:colcon.colcon_core.package_identification:_identify(src/autopatol_interfaces) by extension 'ignore'
[0.403s] Level 1:colcon.colcon_core.package_identification:_identify(src/autopatol_interfaces) by extension 'ignore_ament_install'
[0.403s] Level 1:colcon.colcon_core.package_identification:_identify(src/autopatol_interfaces) by extensions ['colcon_pkg']
[0.403s] Level 1:colcon.colcon_core.package_identification:_identify(src/autopatol_interfaces) by extension 'colcon_pkg'
[0.403s] Level 1:colcon.colcon_core.package_identification:_identify(src/autopatol_interfaces) by extensions ['colcon_meta']
[0.403s] Level 1:colcon.colcon_core.package_identification:_identify(src/autopatol_interfaces) by extension 'colcon_meta'
[0.403s] Level 1:colcon.colcon_core.package_identification:_identify(src/autopatol_interfaces) by extensions ['ros']
[0.403s] Level 1:colcon.colcon_core.package_identification:_identify(src/autopatol_interfaces) by extension 'ros'
[0.404s] DEBUG:colcon.colcon_core.package_identification:Package 'src/autopatol_interfaces' with type 'ros.ament_cmake' and name 'autopatol_interfaces'
[0.404s] Level 1:colcon.colcon_core.package_identification:_identify(src/fishbot_application) by extensions ['ignore', 'ignore_ament_install']
[0.404s] Level 1:colcon.colcon_core.package_identification:_identify(src/fishbot_application) by extension 'ignore'
[0.404s] Level 1:colcon.colcon_core.package_identification:_identify(src/fishbot_application) by extension 'ignore_ament_install'
[0.404s] Level 1:colcon.colcon_core.package_identification:_identify(src/fishbot_application) by extensions ['colcon_pkg']
[0.404s] Level 1:colcon.colcon_core.package_identification:_identify(src/fishbot_application) by extension 'colcon_pkg'
[0.404s] Level 1:colcon.colcon_core.package_identification:_identify(src/fishbot_application) by extensions ['colcon_meta']
[0.404s] Level 1:colcon.colcon_core.package_identification:_identify(src/fishbot_application) by extension 'colcon_meta'
[0.404s] Level 1:colcon.colcon_core.package_identification:_identify(src/fishbot_application) by extensions ['ros']
[0.404s] Level 1:colcon.colcon_core.package_identification:_identify(src/fishbot_application) by extension 'ros'
[0.404s] DEBUG:colcon.colcon_core.package_identification:Package 'src/fishbot_application' with type 'ros.ament_python' and name 'fishbot_application'
[0.404s] Level 1:colcon.colcon_core.package_identification:_identify(src/fishbot_description) by extensions ['ignore', 'ignore_ament_install']
[0.404s] Level 1:colcon.colcon_core.package_identification:_identify(src/fishbot_description) by extension 'ignore'
[0.404s] Level 1:colcon.colcon_core.package_identification:_identify(src/fishbot_description) by extension 'ignore_ament_install'
[0.404s] Level 1:colcon.colcon_core.package_identification:_identify(src/fishbot_description) by extensions ['colcon_pkg']
[0.404s] Level 1:colcon.colcon_core.package_identification:_identify(src/fishbot_description) by extension 'colcon_pkg'
[0.404s] Level 1:colcon.colcon_core.package_identification:_identify(src/fishbot_description) by extensions ['colcon_meta']
[0.404s] Level 1:colcon.colcon_core.package_identification:_identify(src/fishbot_description) by extension 'colcon_meta'
[0.404s] Level 1:colcon.colcon_core.package_identification:_identify(src/fishbot_description) by extensions ['ros']
[0.404s] Level 1:colcon.colcon_core.package_identification:_identify(src/fishbot_description) by extension 'ros'
[0.404s] DEBUG:colcon.colcon_core.package_identification:Package 'src/fishbot_description' with type 'ros.ament_cmake' and name 'fishbot_description'
[0.404s] Level 1:colcon.colcon_core.package_identification:_identify(src/fishbot_navigation2) by extensions ['ignore', 'ignore_ament_install']
[0.404s] Level 1:colcon.colcon_core.package_identification:_identify(src/fishbot_navigation2) by extension 'ignore'
[0.404s] Level 1:colcon.colcon_core.package_identification:_identify(src/fishbot_navigation2) by extension 'ignore_ament_install'
[0.405s] Level 1:colcon.colcon_core.package_identification:_identify(src/fishbot_navigation2) by extensions ['colcon_pkg']
[0.405s] Level 1:colcon.colcon_core.package_identification:_identify(src/fishbot_navigation2) by extension 'colcon_pkg'
[0.405s] Level 1:colcon.colcon_core.package_identification:_identify(src/fishbot_navigation2) by extensions ['colcon_meta']
[0.405s] Level 1:colcon.colcon_core.package_identification:_identify(src/fishbot_navigation2) by extension 'colcon_meta'
[0.405s] Level 1:colcon.colcon_core.package_identification:_identify(src/fishbot_navigation2) by extensions ['ros']
[0.405s] Level 1:colcon.colcon_core.package_identification:_identify(src/fishbot_navigation2) by extension 'ros'
[0.405s] DEBUG:colcon.colcon_core.package_identification:Package 'src/fishbot_navigation2' with type 'ros.ament_cmake' and name 'fishbot_navigation2'
[0.405s] Level 1:colcon.colcon_core.package_discovery:discover_packages(recursive) using defaults
[0.405s] Level 1:colcon.colcon_core.package_discovery:discover_packages(ignore) discover
[0.405s] Level 1:colcon.colcon_core.package_discovery:discover_packages(ignore) using defaults
[0.405s] Level 1:colcon.colcon_core.package_discovery:discover_packages(path) discover
[0.405s] Level 1:colcon.colcon_core.package_discovery:discover_packages(path) using defaults
[0.419s] Level 1:colcon.colcon_core.package_discovery:discover_packages(prefix_path) check parameters
[0.419s] Level 1:colcon.colcon_core.package_discovery:discover_packages(prefix_path) discover
[0.421s] DEBUG:colcon.colcon_installed_package_information.package_discovery:Found 367 installed packages in /opt/ros/humble
[0.426s] Level 1:colcon.colcon_core.package_discovery:discover_packages(prefix_path) using defaults
[0.447s] Level 5:colcon.colcon_core.verb:set package 'autopartol_robot' build argument 'cmake_args' from command line to 'None'
[0.447s] Level 5:colcon.colcon_core.verb:set package 'autopartol_robot' build argument 'cmake_target' from command line to 'None'
[0.447s] Level 5:colcon.colcon_core.verb:set package 'autopartol_robot' build argument 'cmake_target_skip_unavailable' from command line to 'False'
[0.447s] Level 5:colcon.colcon_core.verb:set package 'autopartol_robot' build argument 'cmake_clean_cache' from command line to 'False'
[0.447s] Level 5:colcon.colcon_core.verb:set package 'autopartol_robot' build argument 'cmake_clean_first' from command line to 'False'
[0.447s] Level 5:colcon.colcon_core.verb:set package 'autopartol_robot' build argument 'cmake_force_configure' from command line to 'False'
[0.447s] Level 5:colcon.colcon_core.verb:set package 'autopartol_robot' build argument 'ament_cmake_args' from command line to 'None'
[0.447s] Level 5:colcon.colcon_core.verb:set package 'autopartol_robot' build argument 'catkin_cmake_args' from command line to 'None'
[0.447s] Level 5:colcon.colcon_core.verb:set package 'autopartol_robot' build argument 'catkin_skip_building_tests' from command line to 'False'
[0.447s] DEBUG:colcon.colcon_core.verb:Building package 'autopartol_robot' with the following arguments: {'ament_cmake_args': None, 'build_base': '/home/rosking/chapt7/chapt7_ws/build/autopartol_robot', 'catkin_cmake_args': None, 'catkin_skip_building_tests': False, 'cmake_args': None, 'cmake_clean_cache': False, 'cmake_clean_first': False, 'cmake_force_configure': False, 'cmake_target': None, 'cmake_target_skip_unavailable': False, 'install_base': '/home/rosking/chapt7/chapt7_ws/install/autopartol_robot', 'merge_install': False, 'path': '/home/rosking/chapt7/chapt7_ws/src/autopartol_robot', 'symlink_install': False, 'test_result_base': None}
[0.447s] Level 5:colcon.colcon_core.verb:set package 'autopatol_interfaces' build argument 'cmake_args' from command line to 'None'
[0.447s] Level 5:colcon.colcon_core.verb:set package 'autopatol_interfaces' build argument 'cmake_target' from command line to 'None'
[0.447s] Level 5:colcon.colcon_core.verb:set package 'autopatol_interfaces' build argument 'cmake_target_skip_unavailable' from command line to 'False'
[0.447s] Level 5:colcon.colcon_core.verb:set package 'autopatol_interfaces' build argument 'cmake_clean_cache' from command line to 'False'
[0.447s] Level 5:colcon.colcon_core.verb:set package 'autopatol_interfaces' build argument 'cmake_clean_first' from command line to 'False'
[0.447s] Level 5:colcon.colcon_core.verb:set package 'autopatol_interfaces' build argument 'cmake_force_configure' from command line to 'False'
[0.447s] Level 5:colcon.colcon_core.verb:set package 'autopatol_interfaces' build argument 'ament_cmake_args' from command line to 'None'
[0.447s] Level 5:colcon.colcon_core.verb:set package 'autopatol_interfaces' build argument 'catkin_cmake_args' from command line to 'None'
[0.447s] Level 5:colcon.colcon_core.verb:set package 'autopatol_interfaces' build argument 'catkin_skip_building_tests' from command line to 'False'
[0.447s] DEBUG:colcon.colcon_core.verb:Building package 'autopatol_interfaces' with the following arguments: {'ament_cmake_args': None, 'build_base': '/home/rosking/chapt7/chapt7_ws/build/autopatol_interfaces', 'catkin_cmake_args': None, 'catkin_skip_building_tests': False, 'cmake_args': None, 'cmake_clean_cache': False, 'cmake_clean_first': False, 'cmake_force_configure': False, 'cmake_target': None, 'cmake_target_skip_unavailable': False, 'install_base': '/home/rosking/chapt7/chapt7_ws/install/autopatol_interfaces', 'merge_install': False, 'path': '/home/rosking/chapt7/chapt7_ws/src/autopatol_interfaces', 'symlink_install': False, 'test_result_base': None}
[0.448s] Level 5:colcon.colcon_core.verb:set package 'fishbot_application' build argument 'cmake_args' from command line to 'None'
[0.448s] Level 5:colcon.colcon_core.verb:set package 'fishbot_application' build argument 'cmake_target' from command line to 'None'
[0.448s] Level 5:colcon.colcon_core.verb:set package 'fishbot_application' build argument 'cmake_target_skip_unavailable' from command line to 'False'
[0.448s] Level 5:colcon.colcon_core.verb:set package 'fishbot_application' build argument 'cmake_clean_cache' from command line to 'False'
[0.448s] Level 5:colcon.colcon_core.verb:set package 'fishbot_application' build argument 'cmake_clean_first' from command line to 'False'
[0.448s] Level 5:colcon.colcon_core.verb:set package 'fishbot_application' build argument 'cmake_force_configure' from command line to 'False'
[0.448s] Level 5:colcon.colcon_core.verb:set package 'fishbot_application' build argument 'ament_cmake_args' from command line to 'None'
[0.448s] Level 5:colcon.colcon_core.verb:set package 'fishbot_application' build argument 'catkin_cmake_args' from command line to 'None'
[0.448s] Level 5:colcon.colcon_core.verb:set package 'fishbot_application' build argument 'catkin_skip_building_tests' from command line to 'False'
[0.448s] DEBUG:colcon.colcon_core.verb:Building package 'fishbot_application' with the following arguments: {'ament_cmake_args': None, 'build_base': '/home/rosking/chapt7/chapt7_ws/build/fishbot_application', 'catkin_cmake_args': None, 'catkin_skip_building_tests': False, 'cmake_args': None, 'cmake_clean_cache': False, 'cmake_clean_first': False, 'cmake_force_configure': False, 'cmake_target': None, 'cmake_target_skip_unavailable': False, 'install_base': '/home/rosking/chapt7/chapt7_ws/install/fishbot_application', 'merge_install': False, 'path': '/home/rosking/chapt7/chapt7_ws/src/fishbot_application', 'symlink_install': False, 'test_result_base': None}
[0.448s] Level 5:colcon.colcon_core.verb:set package 'fishbot_description' build argument 'cmake_args' from command line to 'None'
[0.448s] Level 5:colcon.colcon_core.verb:set package 'fishbot_description' build argument 'cmake_target' from command line to 'None'
[0.448s] Level 5:colcon.colcon_core.verb:set package 'fishbot_description' build argument 'cmake_target_skip_unavailable' from command line to 'False'
[0.448s] Level 5:colcon.colcon_core.verb:set package 'fishbot_description' build argument 'cmake_clean_cache' from command line to 'False'
[0.448s] Level 5:colcon.colcon_core.verb:set package 'fishbot_description' build argument 'cmake_clean_first' from command line to 'False'
[0.448s] Level 5:colcon.colcon_core.verb:set package 'fishbot_description' build argument 'cmake_force_configure' from command line to 'False'
[0.448s] Level 5:colcon.colcon_core.verb:set package 'fishbot_description' build argument 'ament_cmake_args' from command line to 'None'
[0.448s] Level 5:colcon.colcon_core.verb:set package 'fishbot_description' build argument 'catkin_cmake_args' from command line to 'None'
[0.448s] Level 5:colcon.colcon_core.verb:set package 'fishbot_description' build argument 'catkin_skip_building_tests' from command line to 'False'
[0.448s] DEBUG:colcon.colcon_core.verb:Building package 'fishbot_description' with the following arguments: {'ament_cmake_args': None, 'build_base': '/home/rosking/chapt7/chapt7_ws/build/fishbot_description', 'catkin_cmake_args': None, 'catkin_skip_building_tests': False, 'cmake_args': None, 'cmake_clean_cache': False, 'cmake_clean_first': False, 'cmake_force_configure': False, 'cmake_target': None, 'cmake_target_skip_unavailable': False, 'install_base': '/home/rosking/chapt7/chapt7_ws/install/fishbot_description', 'merge_install': False, 'path': '/home/rosking/chapt7/chapt7_ws/src/fishbot_description', 'symlink_install': False, 'test_result_base': None}
[0.448s] Level 5:colcon.colcon_core.verb:set package 'fishbot_navigation2' build argument 'cmake_args' from command line to 'None'
[0.448s] Level 5:colcon.colcon_core.verb:set package 'fishbot_navigation2' build argument 'cmake_target' from command line to 'None'
[0.448s] Level 5:colcon.colcon_core.verb:set package 'fishbot_navigation2' build argument 'cmake_target_skip_unavailable' from command line to 'False'
[0.448s] Level 5:colcon.colcon_core.verb:set package 'fishbot_navigation2' build argument 'cmake_clean_cache' from command line to 'False'
[0.448s] Level 5:colcon.colcon_core.verb:set package 'fishbot_navigation2' build argument 'cmake_clean_first' from command line to 'False'
[0.448s] Level 5:colcon.colcon_core.verb:set package 'fishbot_navigation2' build argument 'cmake_force_configure' from command line to 'False'
[0.448s] Level 5:colcon.colcon_core.verb:set package 'fishbot_navigation2' build argument 'ament_cmake_args' from command line to 'None'
[0.448s] Level 5:colcon.colcon_core.verb:set package 'fishbot_navigation2' build argument 'catkin_cmake_args' from command line to 'None'
[0.448s] Level 5:colcon.colcon_core.verb:set package 'fishbot_navigation2' build argument 'catkin_skip_building_tests' from command line to 'False'
[0.448s] DEBUG:colcon.colcon_core.verb:Building package 'fishbot_navigation2' with the following arguments: {'ament_cmake_args': None, 'build_base': '/home/rosking/chapt7/chapt7_ws/build/fishbot_navigation2', 'catkin_cmake_args': None, 'catkin_skip_building_tests': False, 'cmake_args': None, 'cmake_clean_cache': False, 'cmake_clean_first': False, 'cmake_force_configure': False, 'cmake_target': None, 'cmake_target_skip_unavailable': False, 'install_base': '/home/rosking/chapt7/chapt7_ws/install/fishbot_navigation2', 'merge_install': False, 'path': '/home/rosking/chapt7/chapt7_ws/src/fishbot_navigation2', 'symlink_install': False, 'test_result_base': None}
[0.448s] INFO:colcon.colcon_core.executor:Executing jobs using 'parallel' executor
[0.449s] DEBUG:colcon.colcon_parallel_executor.executor.parallel:run_until_complete
[0.449s] INFO:colcon.colcon_ros.task.ament_python.build:Building ROS package in '/home/rosking/chapt7/chapt7_ws/src/autopartol_robot' with build type 'ament_python'
[0.449s] Level 1:colcon.colcon_core.shell:create_environment_hook('autopartol_robot', 'ament_prefix_path')
[0.451s] INFO:colcon.colcon_core.plugin_system:Skipping extension 'colcon_core.shell.bat': Not used on non-Windows systems
[0.451s] INFO:colcon.colcon_core.shell:Creating environment hook '/home/rosking/chapt7/chapt7_ws/install/autopartol_robot/share/autopartol_robot/hook/ament_prefix_path.ps1'
[0.452s] INFO:colcon.colcon_core.shell:Creating environment descriptor '/home/rosking/chapt7/chapt7_ws/install/autopartol_robot/share/autopartol_robot/hook/ament_prefix_path.dsv'
[0.452s] INFO:colcon.colcon_core.shell:Creating environment hook '/home/rosking/chapt7/chapt7_ws/install/autopartol_robot/share/autopartol_robot/hook/ament_prefix_path.sh'
[0.453s] INFO:colcon.colcon_core.shell:Skip shell extension 'powershell' for command environment: Not usable outside of PowerShell
[0.453s] DEBUG:colcon.colcon_core.shell:Skip shell extension 'dsv' for command environment
[0.454s] INFO:colcon.colcon_ros.task.ament_cmake.build:Building ROS package in '/home/rosking/chapt7/chapt7_ws/src/autopatol_interfaces' with build type 'ament_cmake'
[0.454s] INFO:colcon.colcon_cmake.task.cmake.build:Building CMake package in '/home/rosking/chapt7/chapt7_ws/src/autopatol_interfaces'
[0.454s] INFO:colcon.colcon_core.shell:Skip shell extension 'powershell' for command environment: Not usable outside of PowerShell
[0.454s] DEBUG:colcon.colcon_core.shell:Skip shell extension 'dsv' for command environment
[0.456s] INFO:colcon.colcon_ros.task.ament_python.build:Building ROS package in '/home/rosking/chapt7/chapt7_ws/src/fishbot_application' with build type 'ament_python'
[0.456s] Level 1:colcon.colcon_core.shell:create_environment_hook('fishbot_application', 'ament_prefix_path')
[0.456s] INFO:colcon.colcon_core.shell:Creating environment hook '/home/rosking/chapt7/chapt7_ws/install/fishbot_application/share/fishbot_application/hook/ament_prefix_path.ps1'
[0.457s] INFO:colcon.colcon_core.shell:Creating environment descriptor '/home/rosking/chapt7/chapt7_ws/install/fishbot_application/share/fishbot_application/hook/ament_prefix_path.dsv'
[0.457s] INFO:colcon.colcon_core.shell:Creating environment hook '/home/rosking/chapt7/chapt7_ws/install/fishbot_application/share/fishbot_application/hook/ament_prefix_path.sh'
[0.457s] INFO:colcon.colcon_core.shell:Skip shell extension 'powershell' for command environment: Not usable outside of PowerShell
[0.458s] DEBUG:colcon.colcon_core.shell:Skip shell extension 'dsv' for command environment
[0.460s] INFO:colcon.colcon_ros.task.ament_cmake.build:Building ROS package in '/home/rosking/chapt7/chapt7_ws/src/fishbot_description' with build type 'ament_cmake'
[0.460s] INFO:colcon.colcon_cmake.task.cmake.build:Building CMake package in '/home/rosking/chapt7/chapt7_ws/src/fishbot_description'
[0.460s] INFO:colcon.colcon_core.shell:Skip shell extension 'powershell' for command environment: Not usable outside of PowerShell
[0.460s] DEBUG:colcon.colcon_core.shell:Skip shell extension 'dsv' for command environment
[0.463s] INFO:colcon.colcon_ros.task.ament_cmake.build:Building ROS package in '/home/rosking/chapt7/chapt7_ws/src/fishbot_navigation2' with build type 'ament_cmake'
[0.463s] INFO:colcon.colcon_cmake.task.cmake.build:Building CMake package in '/home/rosking/chapt7/chapt7_ws/src/fishbot_navigation2'
[0.463s] INFO:colcon.colcon_core.shell:Skip shell extension 'powershell' for command environment: Not usable outside of PowerShell
[0.463s] DEBUG:colcon.colcon_core.shell:Skip shell extension 'dsv' for command environment
[0.584s] INFO:colcon.colcon_core.task.python.build:Building Python package in '/home/rosking/chapt7/chapt7_ws/src/autopartol_robot'
[0.585s] INFO:colcon.colcon_core.shell:Skip shell extension 'powershell' for command environment: Not usable outside of PowerShell
[0.585s] DEBUG:colcon.colcon_core.shell:Skip shell extension 'dsv' for command environment
[0.587s] DEBUG:colcon.colcon_core.event_handler.log_command:Invoking command in '/home/rosking/chapt7/chapt7_ws/build/autopatol_interfaces': CMAKE_PREFIX_PATH=/opt/ros/humble /usr/bin/cmake /home/rosking/chapt7/chapt7_ws/src/autopatol_interfaces -DCMAKE_INSTALL_PREFIX=/home/rosking/chapt7/chapt7_ws/install/autopatol_interfaces
[0.706s] INFO:colcon.colcon_core.task.python.build:Building Python package in '/home/rosking/chapt7/chapt7_ws/src/fishbot_application'
[0.706s] INFO:colcon.colcon_core.shell:Skip shell extension 'powershell' for command environment: Not usable outside of PowerShell
[0.706s] DEBUG:colcon.colcon_core.shell:Skip shell extension 'dsv' for command environment
[0.710s] DEBUG:colcon.colcon_core.event_handler.log_command:Invoking command in '/home/rosking/chapt7/chapt7_ws/build/fishbot_description': CMAKE_PREFIX_PATH=/opt/ros/humble /usr/bin/cmake /home/rosking/chapt7/chapt7_ws/src/fishbot_description -DCMAKE_INSTALL_PREFIX=/home/rosking/chapt7/chapt7_ws/install/fishbot_description
[0.714s] DEBUG:colcon.colcon_core.event_handler.log_command:Invoking command in '/home/rosking/chapt7/chapt7_ws/build/fishbot_navigation2': CMAKE_PREFIX_PATH=/opt/ros/humble /usr/bin/cmake /home/rosking/chapt7/chapt7_ws/src/fishbot_navigation2 -DCMAKE_INSTALL_PREFIX=/home/rosking/chapt7/chapt7_ws/install/fishbot_navigation2
[0.981s] DEBUG:colcon.colcon_core.event_handler.log_command:Invoking command in '/home/rosking/chapt7/chapt7_ws/src/fishbot_application': PYTHONPATH=/home/rosking/chapt7/chapt7_ws/build/fishbot_application/prefix_override:/usr/lib/python3/dist-packages/colcon_core/task/python/colcon_distutils_commands:/home/rosking/chapt7/chapt7_ws/install/fishbot_application/lib/python3.10/site-packages:${PYTHONPATH} /usr/bin/python3 -W ignore:setup.py install is deprecated -W ignore:easy_install command is deprecated setup.py egg_info --egg-base ../../build/fishbot_application build --build-base /home/rosking/chapt7/chapt7_ws/build/fishbot_application/build install --record /home/rosking/chapt7/chapt7_ws/build/fishbot_application/install.log --single-version-externally-managed install_data
[0.983s] DEBUG:colcon.colcon_core.event_handler.log_command:Invoking command in '/home/rosking/chapt7/chapt7_ws/src/autopartol_robot': PYTHONPATH=/home/rosking/chapt7/chapt7_ws/build/autopartol_robot/prefix_override:/usr/lib/python3/dist-packages/colcon_core/task/python/colcon_distutils_commands:/home/rosking/chapt7/chapt7_ws/install/autopartol_robot/lib/python3.10/site-packages:${PYTHONPATH} /usr/bin/python3 -W ignore:setup.py install is deprecated -W ignore:easy_install command is deprecated setup.py egg_info --egg-base ../../build/autopartol_robot build --build-base /home/rosking/chapt7/chapt7_ws/build/autopartol_robot/build install --record /home/rosking/chapt7/chapt7_ws/build/autopartol_robot/install.log --single-version-externally-managed install_data
[1.116s] DEBUG:colcon.colcon_core.event_handler.log_command:Invoked command in '/home/rosking/chapt7/chapt7_ws/src/fishbot_application' returned '0': PYTHONPATH=/home/rosking/chapt7/chapt7_ws/build/fishbot_application/prefix_override:/usr/lib/python3/dist-packages/colcon_core/task/python/colcon_distutils_commands:/home/rosking/chapt7/chapt7_ws/install/fishbot_application/lib/python3.10/site-packages:${PYTHONPATH} /usr/bin/python3 -W ignore:setup.py install is deprecated -W ignore:easy_install command is deprecated setup.py egg_info --egg-base ../../build/fishbot_application build --build-base /home/rosking/chapt7/chapt7_ws/build/fishbot_application/build install --record /home/rosking/chapt7/chapt7_ws/build/fishbot_application/install.log --single-version-externally-managed install_data
[1.119s] Level 1:colcon.colcon_core.environment:checking '/home/rosking/chapt7/chapt7_ws/install/fishbot_application' for CMake module files
[1.119s] Level 1:colcon.colcon_core.environment:checking '/home/rosking/chapt7/chapt7_ws/install/fishbot_application' for CMake config files
[1.120s] Level 1:colcon.colcon_core.environment:checking '/home/rosking/chapt7/chapt7_ws/install/fishbot_application/lib'
[1.120s] Level 1:colcon.colcon_core.environment:checking '/home/rosking/chapt7/chapt7_ws/install/fishbot_application/bin'
[1.120s] Level 1:colcon.colcon_core.environment:checking '/home/rosking/chapt7/chapt7_ws/install/fishbot_application/lib/pkgconfig/fishbot_application.pc'
[1.120s] Level 1:colcon.colcon_core.environment:checking '/home/rosking/chapt7/chapt7_ws/install/fishbot_application/lib/python3.10/site-packages'
[1.120s] Level 1:colcon.colcon_core.shell:create_environment_hook('fishbot_application', 'pythonpath')
[1.120s] INFO:colcon.colcon_core.shell:Creating environment hook '/home/rosking/chapt7/chapt7_ws/install/fishbot_application/share/fishbot_application/hook/pythonpath.ps1'
[1.120s] INFO:colcon.colcon_core.shell:Creating environment descriptor '/home/rosking/chapt7/chapt7_ws/install/fishbot_application/share/fishbot_application/hook/pythonpath.dsv'
[1.120s] INFO:colcon.colcon_core.shell:Creating environment hook '/home/rosking/chapt7/chapt7_ws/install/fishbot_application/share/fishbot_application/hook/pythonpath.sh'
[1.120s] Level 1:colcon.colcon_core.environment:checking '/home/rosking/chapt7/chapt7_ws/install/fishbot_application/bin'
[1.120s] Level 1:colcon.colcon_core.environment:create_environment_scripts_only(fishbot_application)
[1.121s] INFO:colcon.colcon_core.shell:Creating package script '/home/rosking/chapt7/chapt7_ws/install/fishbot_application/share/fishbot_application/package.ps1'
[1.121s] INFO:colcon.colcon_core.shell:Creating package descriptor '/home/rosking/chapt7/chapt7_ws/install/fishbot_application/share/fishbot_application/package.dsv'
[1.122s] INFO:colcon.colcon_core.shell:Creating package script '/home/rosking/chapt7/chapt7_ws/install/fishbot_application/share/fishbot_application/package.sh'
[1.122s] INFO:colcon.colcon_core.shell:Creating package script '/home/rosking/chapt7/chapt7_ws/install/fishbot_application/share/fishbot_application/package.bash'
[1.123s] INFO:colcon.colcon_core.shell:Creating package script '/home/rosking/chapt7/chapt7_ws/install/fishbot_application/share/fishbot_application/package.zsh'
[1.123s] Level 1:colcon.colcon_core.environment:create_file_with_runtime_dependencies(/home/rosking/chapt7/chapt7_ws/install/fishbot_application/share/colcon-core/packages/fishbot_application)
[1.125s] Level 1:colcon.colcon_core.environment:checking '/home/rosking/chapt7/chapt7_ws/install/autopartol_robot' for CMake module files
[1.125s] DEBUG:colcon.colcon_core.event_handler.log_command:Invoked command in '/home/rosking/chapt7/chapt7_ws/src/autopartol_robot' returned '0': PYTHONPATH=/home/rosking/chapt7/chapt7_ws/build/autopartol_robot/prefix_override:/usr/lib/python3/dist-packages/colcon_core/task/python/colcon_distutils_commands:/home/rosking/chapt7/chapt7_ws/install/autopartol_robot/lib/python3.10/site-packages:${PYTHONPATH} /usr/bin/python3 -W ignore:setup.py install is deprecated -W ignore:easy_install command is deprecated setup.py egg_info --egg-base ../../build/autopartol_robot build --build-base /home/rosking/chapt7/chapt7_ws/build/autopartol_robot/build install --record /home/rosking/chapt7/chapt7_ws/build/autopartol_robot/install.log --single-version-externally-managed install_data
[1.125s] Level 1:colcon.colcon_core.environment:checking '/home/rosking/chapt7/chapt7_ws/install/autopartol_robot' for CMake config files
[1.125s] Level 1:colcon.colcon_core.environment:checking '/home/rosking/chapt7/chapt7_ws/install/autopartol_robot/lib'
[1.125s] Level 1:colcon.colcon_core.environment:checking '/home/rosking/chapt7/chapt7_ws/install/autopartol_robot/bin'
[1.125s] Level 1:colcon.colcon_core.environment:checking '/home/rosking/chapt7/chapt7_ws/install/autopartol_robot/lib/pkgconfig/autopartol_robot.pc'
[1.125s] Level 1:colcon.colcon_core.environment:checking '/home/rosking/chapt7/chapt7_ws/install/autopartol_robot/lib/python3.10/site-packages'
[1.125s] Level 1:colcon.colcon_core.shell:create_environment_hook('autopartol_robot', 'pythonpath')
[1.126s] INFO:colcon.colcon_core.shell:Creating environment hook '/home/rosking/chapt7/chapt7_ws/install/autopartol_robot/share/autopartol_robot/hook/pythonpath.ps1'
[1.126s] INFO:colcon.colcon_core.shell:Creating environment descriptor '/home/rosking/chapt7/chapt7_ws/install/autopartol_robot/share/autopartol_robot/hook/pythonpath.dsv'
[1.126s] INFO:colcon.colcon_core.shell:Creating environment hook '/home/rosking/chapt7/chapt7_ws/install/autopartol_robot/share/autopartol_robot/hook/pythonpath.sh'
[1.126s] Level 1:colcon.colcon_core.environment:checking '/home/rosking/chapt7/chapt7_ws/install/autopartol_robot/bin'
[1.126s] Level 1:colcon.colcon_core.environment:create_environment_scripts_only(autopartol_robot)
[1.126s] INFO:colcon.colcon_core.shell:Creating package script '/home/rosking/chapt7/chapt7_ws/install/autopartol_robot/share/autopartol_robot/package.ps1'
[1.126s] INFO:colcon.colcon_core.shell:Creating package descriptor '/home/rosking/chapt7/chapt7_ws/install/autopartol_robot/share/autopartol_robot/package.dsv'
[1.127s] INFO:colcon.colcon_core.shell:Creating package script '/home/rosking/chapt7/chapt7_ws/install/autopartol_robot/share/autopartol_robot/package.sh'
[1.127s] INFO:colcon.colcon_core.shell:Creating package script '/home/rosking/chapt7/chapt7_ws/install/autopartol_robot/share/autopartol_robot/package.bash'
[1.127s] INFO:colcon.colcon_core.shell:Creating package script '/home/rosking/chapt7/chapt7_ws/install/autopartol_robot/share/autopartol_robot/package.zsh'
[1.127s] Level 1:colcon.colcon_core.environment:create_file_with_runtime_dependencies(/home/rosking/chapt7/chapt7_ws/install/autopartol_robot/share/colcon-core/packages/autopartol_robot)
[3.152s] DEBUG:colcon.colcon_core.event_handler.log_command:Invoked command in '/home/rosking/chapt7/chapt7_ws/build/fishbot_description' returned '0': CMAKE_PREFIX_PATH=/opt/ros/humble /usr/bin/cmake /home/rosking/chapt7/chapt7_ws/src/fishbot_description -DCMAKE_INSTALL_PREFIX=/home/rosking/chapt7/chapt7_ws/install/fishbot_description
[3.153s] DEBUG:colcon.colcon_core.event_handler.log_command:Invoking command in '/home/rosking/chapt7/chapt7_ws/build/fishbot_description': CMAKE_PREFIX_PATH=/opt/ros/humble /usr/bin/cmake --build /home/rosking/chapt7/chapt7_ws/build/fishbot_description -- -j28 -l28
[3.169s] DEBUG:colcon.colcon_core.event_handler.log_command:Invoked command in '/home/rosking/chapt7/chapt7_ws/build/fishbot_description' returned '0': CMAKE_PREFIX_PATH=/opt/ros/humble /usr/bin/cmake --build /home/rosking/chapt7/chapt7_ws/build/fishbot_description -- -j28 -l28
[3.173s] DEBUG:colcon.colcon_core.event_handler.log_command:Invoking command in '/home/rosking/chapt7/chapt7_ws/build/fishbot_description': CMAKE_PREFIX_PATH=/opt/ros/humble /usr/bin/cmake --install /home/rosking/chapt7/chapt7_ws/build/fishbot_description
[3.181s] Level 1:colcon.colcon_core.environment:create_environment_scripts_only(fishbot_description)
[3.181s] DEBUG:colcon.colcon_core.event_handler.log_command:Invoked command in '/home/rosking/chapt7/chapt7_ws/build/fishbot_description' returned '0': CMAKE_PREFIX_PATH=/opt/ros/humble /usr/bin/cmake --install /home/rosking/chapt7/chapt7_ws/build/fishbot_description
[3.181s] Level 1:colcon.colcon_core.environment:checking '/home/rosking/chapt7/chapt7_ws/install/fishbot_description' for CMake module files
[3.181s] Level 1:colcon.colcon_core.environment:checking '/home/rosking/chapt7/chapt7_ws/install/fishbot_description' for CMake config files
[3.181s] Level 1:colcon.colcon_core.shell:create_environment_hook('fishbot_description', 'cmake_prefix_path')
[3.181s] INFO:colcon.colcon_core.shell:Creating environment hook '/home/rosking/chapt7/chapt7_ws/install/fishbot_description/share/fishbot_description/hook/cmake_prefix_path.ps1'
[3.182s] INFO:colcon.colcon_core.shell:Creating environment descriptor '/home/rosking/chapt7/chapt7_ws/install/fishbot_description/share/fishbot_description/hook/cmake_prefix_path.dsv'
[3.182s] INFO:colcon.colcon_core.shell:Creating environment hook '/home/rosking/chapt7/chapt7_ws/install/fishbot_description/share/fishbot_description/hook/cmake_prefix_path.sh'
[3.182s] Level 1:colcon.colcon_core.environment:checking '/home/rosking/chapt7/chapt7_ws/install/fishbot_description/bin'
[3.182s] Level 1:colcon.colcon_core.environment:checking '/home/rosking/chapt7/chapt7_ws/install/fishbot_description/lib/pkgconfig/fishbot_description.pc'
[3.182s] Level 1:colcon.colcon_core.environment:checking '/home/rosking/chapt7/chapt7_ws/install/fishbot_description/lib/python3.10/site-packages'
[3.182s] Level 1:colcon.colcon_core.environment:checking '/home/rosking/chapt7/chapt7_ws/install/fishbot_description/bin'
[3.182s] INFO:colcon.colcon_core.shell:Creating package script '/home/rosking/chapt7/chapt7_ws/install/fishbot_description/share/fishbot_description/package.ps1'
[3.183s] INFO:colcon.colcon_core.shell:Creating package descriptor '/home/rosking/chapt7/chapt7_ws/install/fishbot_description/share/fishbot_description/package.dsv'
[3.183s] INFO:colcon.colcon_core.shell:Creating package script '/home/rosking/chapt7/chapt7_ws/install/fishbot_description/share/fishbot_description/package.sh'
[3.183s] INFO:colcon.colcon_core.shell:Creating package script '/home/rosking/chapt7/chapt7_ws/install/fishbot_description/share/fishbot_description/package.bash'
[3.183s] INFO:colcon.colcon_core.shell:Creating package script '/home/rosking/chapt7/chapt7_ws/install/fishbot_description/share/fishbot_description/package.zsh'
[3.183s] Level 1:colcon.colcon_core.environment:create_file_with_runtime_dependencies(/home/rosking/chapt7/chapt7_ws/install/fishbot_description/share/colcon-core/packages/fishbot_description)
[3.184s] Level 1:colcon.colcon_core.environment:create_environment_scripts_only(fishbot_description)
[3.184s] Level 1:colcon.colcon_core.environment:checking '/home/rosking/chapt7/chapt7_ws/install/fishbot_description' for CMake module files
[3.184s] Level 1:colcon.colcon_core.environment:checking '/home/rosking/chapt7/chapt7_ws/install/fishbot_description' for CMake config files
[3.184s] Level 1:colcon.colcon_core.shell:create_environment_hook('fishbot_description', 'cmake_prefix_path')
[3.184s] INFO:colcon.colcon_core.shell:Creating environment hook '/home/rosking/chapt7/chapt7_ws/install/fishbot_description/share/fishbot_description/hook/cmake_prefix_path.ps1'
[3.184s] INFO:colcon.colcon_core.shell:Creating environment descriptor '/home/rosking/chapt7/chapt7_ws/install/fishbot_description/share/fishbot_description/hook/cmake_prefix_path.dsv'
[3.185s] INFO:colcon.colcon_core.shell:Creating environment hook '/home/rosking/chapt7/chapt7_ws/install/fishbot_description/share/fishbot_description/hook/cmake_prefix_path.sh'
[3.185s] Level 1:colcon.colcon_core.environment:checking '/home/rosking/chapt7/chapt7_ws/install/fishbot_description/bin'
[3.185s] Level 1:colcon.colcon_core.environment:checking '/home/rosking/chapt7/chapt7_ws/install/fishbot_description/lib/pkgconfig/fishbot_description.pc'
[3.185s] Level 1:colcon.colcon_core.environment:checking '/home/rosking/chapt7/chapt7_ws/install/fishbot_description/lib/python3.10/site-packages'
[3.185s] Level 1:colcon.colcon_core.environment:checking '/home/rosking/chapt7/chapt7_ws/install/fishbot_description/bin'
[3.185s] INFO:colcon.colcon_core.shell:Creating package script '/home/rosking/chapt7/chapt7_ws/install/fishbot_description/share/fishbot_description/package.ps1'
[3.186s] INFO:colcon.colcon_core.shell:Creating package descriptor '/home/rosking/chapt7/chapt7_ws/install/fishbot_description/share/fishbot_description/package.dsv'
[3.186s] INFO:colcon.colcon_core.shell:Creating package script '/home/rosking/chapt7/chapt7_ws/install/fishbot_description/share/fishbot_description/package.sh'
[3.186s] INFO:colcon.colcon_core.shell:Creating package script '/home/rosking/chapt7/chapt7_ws/install/fishbot_description/share/fishbot_description/package.bash'
[3.186s] INFO:colcon.colcon_core.shell:Creating package script '/home/rosking/chapt7/chapt7_ws/install/fishbot_description/share/fishbot_description/package.zsh'
[3.186s] Level 1:colcon.colcon_core.environment:create_file_with_runtime_dependencies(/home/rosking/chapt7/chapt7_ws/install/fishbot_description/share/colcon-core/packages/fishbot_description)
[3.489s] DEBUG:colcon.colcon_core.event_handler.log_command:Invoked command in '/home/rosking/chapt7/chapt7_ws/build/fishbot_navigation2' returned '0': CMAKE_PREFIX_PATH=/opt/ros/humble /usr/bin/cmake /home/rosking/chapt7/chapt7_ws/src/fishbot_navigation2 -DCMAKE_INSTALL_PREFIX=/home/rosking/chapt7/chapt7_ws/install/fishbot_navigation2
[3.490s] DEBUG:colcon.colcon_core.event_handler.log_command:Invoking command in '/home/rosking/chapt7/chapt7_ws/build/fishbot_navigation2': CMAKE_PREFIX_PATH=/opt/ros/humble /usr/bin/cmake --build /home/rosking/chapt7/chapt7_ws/build/fishbot_navigation2 -- -j28 -l28
[3.506s] DEBUG:colcon.colcon_core.event_handler.log_command:Invoked command in '/home/rosking/chapt7/chapt7_ws/build/fishbot_navigation2' returned '0': CMAKE_PREFIX_PATH=/opt/ros/humble /usr/bin/cmake --build /home/rosking/chapt7/chapt7_ws/build/fishbot_navigation2 -- -j28 -l28
[3.507s] DEBUG:colcon.colcon_core.event_handler.log_command:Invoking command in '/home/rosking/chapt7/chapt7_ws/build/fishbot_navigation2': CMAKE_PREFIX_PATH=/opt/ros/humble /usr/bin/cmake --install /home/rosking/chapt7/chapt7_ws/build/fishbot_navigation2
[3.513s] Level 1:colcon.colcon_core.environment:create_environment_scripts_only(fishbot_navigation2)
[3.513s] DEBUG:colcon.colcon_core.event_handler.log_command:Invoked command in '/home/rosking/chapt7/chapt7_ws/build/fishbot_navigation2' returned '0': CMAKE_PREFIX_PATH=/opt/ros/humble /usr/bin/cmake --install /home/rosking/chapt7/chapt7_ws/build/fishbot_navigation2
[3.513s] Level 1:colcon.colcon_core.environment:checking '/home/rosking/chapt7/chapt7_ws/install/fishbot_navigation2' for CMake module files
[3.513s] Level 1:colcon.colcon_core.environment:checking '/home/rosking/chapt7/chapt7_ws/install/fishbot_navigation2' for CMake config files
[3.514s] Level 1:colcon.colcon_core.shell:create_environment_hook('fishbot_navigation2', 'cmake_prefix_path')
[3.514s] INFO:colcon.colcon_core.shell:Creating environment hook '/home/rosking/chapt7/chapt7_ws/install/fishbot_navigation2/share/fishbot_navigation2/hook/cmake_prefix_path.ps1'
[3.514s] INFO:colcon.colcon_core.shell:Creating environment descriptor '/home/rosking/chapt7/chapt7_ws/install/fishbot_navigation2/share/fishbot_navigation2/hook/cmake_prefix_path.dsv'
[3.514s] INFO:colcon.colcon_core.shell:Creating environment hook '/home/rosking/chapt7/chapt7_ws/install/fishbot_navigation2/share/fishbot_navigation2/hook/cmake_prefix_path.sh'
[3.514s] Level 1:colcon.colcon_core.environment:checking '/home/rosking/chapt7/chapt7_ws/install/fishbot_navigation2/bin'
[3.514s] Level 1:colcon.colcon_core.environment:checking '/home/rosking/chapt7/chapt7_ws/install/fishbot_navigation2/lib/pkgconfig/fishbot_navigation2.pc'
[3.515s] Level 1:colcon.colcon_core.environment:checking '/home/rosking/chapt7/chapt7_ws/install/fishbot_navigation2/lib/python3.10/site-packages'
[3.515s] Level 1:colcon.colcon_core.environment:checking '/home/rosking/chapt7/chapt7_ws/install/fishbot_navigation2/bin'
[3.515s] INFO:colcon.colcon_core.shell:Creating package script '/home/rosking/chapt7/chapt7_ws/install/fishbot_navigation2/share/fishbot_navigation2/package.ps1'
[3.515s] INFO:colcon.colcon_core.shell:Creating package descriptor '/home/rosking/chapt7/chapt7_ws/install/fishbot_navigation2/share/fishbot_navigation2/package.dsv'
[3.515s] INFO:colcon.colcon_core.shell:Creating package script '/home/rosking/chapt7/chapt7_ws/install/fishbot_navigation2/share/fishbot_navigation2/package.sh'
[3.515s] INFO:colcon.colcon_core.shell:Creating package script '/home/rosking/chapt7/chapt7_ws/install/fishbot_navigation2/share/fishbot_navigation2/package.bash'
[3.516s] INFO:colcon.colcon_core.shell:Creating package script '/home/rosking/chapt7/chapt7_ws/install/fishbot_navigation2/share/fishbot_navigation2/package.zsh'
[3.516s] Level 1:colcon.colcon_core.environment:create_file_with_runtime_dependencies(/home/rosking/chapt7/chapt7_ws/install/fishbot_navigation2/share/colcon-core/packages/fishbot_navigation2)
[3.516s] Level 1:colcon.colcon_core.environment:create_environment_scripts_only(fishbot_navigation2)
[3.516s] Level 1:colcon.colcon_core.environment:checking '/home/rosking/chapt7/chapt7_ws/install/fishbot_navigation2' for CMake module files
[3.516s] Level 1:colcon.colcon_core.environment:checking '/home/rosking/chapt7/chapt7_ws/install/fishbot_navigation2' for CMake config files
[3.516s] Level 1:colcon.colcon_core.shell:create_environment_hook('fishbot_navigation2', 'cmake_prefix_path')
[3.516s] INFO:colcon.colcon_core.shell:Creating environment hook '/home/rosking/chapt7/chapt7_ws/install/fishbot_navigation2/share/fishbot_navigation2/hook/cmake_prefix_path.ps1'
[3.517s] INFO:colcon.colcon_core.shell:Creating environment descriptor '/home/rosking/chapt7/chapt7_ws/install/fishbot_navigation2/share/fishbot_navigation2/hook/cmake_prefix_path.dsv'
[3.517s] INFO:colcon.colcon_core.shell:Creating environment hook '/home/rosking/chapt7/chapt7_ws/install/fishbot_navigation2/share/fishbot_navigation2/hook/cmake_prefix_path.sh'
[3.517s] Level 1:colcon.colcon_core.environment:checking '/home/rosking/chapt7/chapt7_ws/install/fishbot_navigation2/bin'
[3.518s] Level 1:colcon.colcon_core.environment:checking '/home/rosking/chapt7/chapt7_ws/install/fishbot_navigation2/lib/pkgconfig/fishbot_navigation2.pc'
[3.518s] Level 1:colcon.colcon_core.environment:checking '/home/rosking/chapt7/chapt7_ws/install/fishbot_navigation2/lib/python3.10/site-packages'
[3.518s] Level 1:colcon.colcon_core.environment:checking '/home/rosking/chapt7/chapt7_ws/install/fishbot_navigation2/bin'
[3.518s] INFO:colcon.colcon_core.shell:Creating package script '/home/rosking/chapt7/chapt7_ws/install/fishbot_navigation2/share/fishbot_navigation2/package.ps1'
[3.518s] INFO:colcon.colcon_core.shell:Creating package descriptor '/home/rosking/chapt7/chapt7_ws/install/fishbot_navigation2/share/fishbot_navigation2/package.dsv'
[3.518s] INFO:colcon.colcon_core.shell:Creating package script '/home/rosking/chapt7/chapt7_ws/install/fishbot_navigation2/share/fishbot_navigation2/package.sh'
[3.519s] INFO:colcon.colcon_core.shell:Creating package script '/home/rosking/chapt7/chapt7_ws/install/fishbot_navigation2/share/fishbot_navigation2/package.bash'
[3.519s] INFO:colcon.colcon_core.shell:Creating package script '/home/rosking/chapt7/chapt7_ws/install/fishbot_navigation2/share/fishbot_navigation2/package.zsh'
[3.519s] Level 1:colcon.colcon_core.environment:create_file_with_runtime_dependencies(/home/rosking/chapt7/chapt7_ws/install/fishbot_navigation2/share/colcon-core/packages/fishbot_navigation2)
[5.765s] DEBUG:colcon.colcon_core.event_handler.log_command:Invoked command in '/home/rosking/chapt7/chapt7_ws/build/autopatol_interfaces' returned '0': CMAKE_PREFIX_PATH=/opt/ros/humble /usr/bin/cmake /home/rosking/chapt7/chapt7_ws/src/autopatol_interfaces -DCMAKE_INSTALL_PREFIX=/home/rosking/chapt7/chapt7_ws/install/autopatol_interfaces
[5.766s] DEBUG:colcon.colcon_core.event_handler.log_command:Invoking command in '/home/rosking/chapt7/chapt7_ws/build/autopatol_interfaces': CMAKE_PREFIX_PATH=/opt/ros/humble /usr/bin/cmake --build /home/rosking/chapt7/chapt7_ws/build/autopatol_interfaces -- -j28 -l28
[7.969s] DEBUG:colcon.colcon_core.event_handler.log_command:Invoked command in '/home/rosking/chapt7/chapt7_ws/build/autopatol_interfaces' returned '0': CMAKE_PREFIX_PATH=/opt/ros/humble /usr/bin/cmake --build /home/rosking/chapt7/chapt7_ws/build/autopatol_interfaces -- -j28 -l28
[7.970s] DEBUG:colcon.colcon_core.event_handler.log_command:Invoking command in '/home/rosking/chapt7/chapt7_ws/build/autopatol_interfaces': CMAKE_PREFIX_PATH=/opt/ros/humble /usr/bin/cmake --install /home/rosking/chapt7/chapt7_ws/build/autopatol_interfaces
[8.002s] Level 1:colcon.colcon_core.environment:create_environment_scripts_only(autopatol_interfaces)
[8.003s] DEBUG:colcon.colcon_core.event_handler.log_command:Invoked command in '/home/rosking/chapt7/chapt7_ws/build/autopatol_interfaces' returned '0': CMAKE_PREFIX_PATH=/opt/ros/humble /usr/bin/cmake --install /home/rosking/chapt7/chapt7_ws/build/autopatol_interfaces
[8.003s] Level 1:colcon.colcon_core.environment:checking '/home/rosking/chapt7/chapt7_ws/install/autopatol_interfaces' for CMake module files
[8.003s] Level 1:colcon.colcon_core.environment:checking '/home/rosking/chapt7/chapt7_ws/install/autopatol_interfaces' for CMake config files
[8.003s] Level 1:colcon.colcon_core.shell:create_environment_hook('autopatol_interfaces', 'cmake_prefix_path')
[8.003s] INFO:colcon.colcon_core.shell:Creating environment hook '/home/rosking/chapt7/chapt7_ws/install/autopatol_interfaces/share/autopatol_interfaces/hook/cmake_prefix_path.ps1'
[8.004s] INFO:colcon.colcon_core.shell:Creating environment descriptor '/home/rosking/chapt7/chapt7_ws/install/autopatol_interfaces/share/autopatol_interfaces/hook/cmake_prefix_path.dsv'
[8.004s] INFO:colcon.colcon_core.shell:Creating environment hook '/home/rosking/chapt7/chapt7_ws/install/autopatol_interfaces/share/autopatol_interfaces/hook/cmake_prefix_path.sh'
[8.004s] Level 1:colcon.colcon_core.environment:checking '/home/rosking/chapt7/chapt7_ws/install/autopatol_interfaces/lib'
[8.004s] Level 1:colcon.colcon_core.shell:create_environment_hook('autopatol_interfaces', 'ld_library_path_lib')
[8.004s] INFO:colcon.colcon_core.shell:Creating environment hook '/home/rosking/chapt7/chapt7_ws/install/autopatol_interfaces/share/autopatol_interfaces/hook/ld_library_path_lib.ps1'
[8.004s] INFO:colcon.colcon_core.shell:Creating environment descriptor '/home/rosking/chapt7/chapt7_ws/install/autopatol_interfaces/share/autopatol_interfaces/hook/ld_library_path_lib.dsv'
[8.005s] INFO:colcon.colcon_core.shell:Creating environment hook '/home/rosking/chapt7/chapt7_ws/install/autopatol_interfaces/share/autopatol_interfaces/hook/ld_library_path_lib.sh'
[8.005s] Level 1:colcon.colcon_core.environment:checking '/home/rosking/chapt7/chapt7_ws/install/autopatol_interfaces/bin'
[8.005s] Level 1:colcon.colcon_core.environment:checking '/home/rosking/chapt7/chapt7_ws/install/autopatol_interfaces/lib/pkgconfig/autopatol_interfaces.pc'
[8.005s] Level 1:colcon.colcon_core.environment:checking '/home/rosking/chapt7/chapt7_ws/install/autopatol_interfaces/lib/python3.10/site-packages'
[8.005s] Level 1:colcon.colcon_core.environment:checking '/home/rosking/chapt7/chapt7_ws/install/autopatol_interfaces/bin'
[8.005s] INFO:colcon.colcon_core.shell:Creating package script '/home/rosking/chapt7/chapt7_ws/install/autopatol_interfaces/share/autopatol_interfaces/package.ps1'
[8.005s] INFO:colcon.colcon_core.shell:Creating package descriptor '/home/rosking/chapt7/chapt7_ws/install/autopatol_interfaces/share/autopatol_interfaces/package.dsv'
[8.005s] INFO:colcon.colcon_core.shell:Creating package script '/home/rosking/chapt7/chapt7_ws/install/autopatol_interfaces/share/autopatol_interfaces/package.sh'
[8.006s] INFO:colcon.colcon_core.shell:Creating package script '/home/rosking/chapt7/chapt7_ws/install/autopatol_interfaces/share/autopatol_interfaces/package.bash'
[8.006s] INFO:colcon.colcon_core.shell:Creating package script '/home/rosking/chapt7/chapt7_ws/install/autopatol_interfaces/share/autopatol_interfaces/package.zsh'
[8.006s] Level 1:colcon.colcon_core.environment:create_file_with_runtime_dependencies(/home/rosking/chapt7/chapt7_ws/install/autopatol_interfaces/share/colcon-core/packages/autopatol_interfaces)
[8.006s] Level 1:colcon.colcon_core.environment:create_environment_scripts_only(autopatol_interfaces)
[8.006s] Level 1:colcon.colcon_core.environment:checking '/home/rosking/chapt7/chapt7_ws/install/autopatol_interfaces' for CMake module files
[8.006s] Level 1:colcon.colcon_core.environment:checking '/home/rosking/chapt7/chapt7_ws/install/autopatol_interfaces' for CMake config files
[8.007s] Level 1:colcon.colcon_core.shell:create_environment_hook('autopatol_interfaces', 'cmake_prefix_path')
[8.007s] INFO:colcon.colcon_core.shell:Creating environment hook '/home/rosking/chapt7/chapt7_ws/install/autopatol_interfaces/share/autopatol_interfaces/hook/cmake_prefix_path.ps1'
[8.007s] INFO:colcon.colcon_core.shell:Creating environment descriptor '/home/rosking/chapt7/chapt7_ws/install/autopatol_interfaces/share/autopatol_interfaces/hook/cmake_prefix_path.dsv'
[8.007s] INFO:colcon.colcon_core.shell:Creating environment hook '/home/rosking/chapt7/chapt7_ws/install/autopatol_interfaces/share/autopatol_interfaces/hook/cmake_prefix_path.sh'
[8.007s] Level 1:colcon.colcon_core.environment:checking '/home/rosking/chapt7/chapt7_ws/install/autopatol_interfaces/lib'
[8.007s] Level 1:colcon.colcon_core.shell:create_environment_hook('autopatol_interfaces', 'ld_library_path_lib')
[8.007s] INFO:colcon.colcon_core.shell:Creating environment hook '/home/rosking/chapt7/chapt7_ws/install/autopatol_interfaces/share/autopatol_interfaces/hook/ld_library_path_lib.ps1'
[8.008s] INFO:colcon.colcon_core.shell:Creating environment descriptor '/home/rosking/chapt7/chapt7_ws/install/autopatol_interfaces/share/autopatol_interfaces/hook/ld_library_path_lib.dsv'
[8.008s] INFO:colcon.colcon_core.shell:Creating environment hook '/home/rosking/chapt7/chapt7_ws/install/autopatol_interfaces/share/autopatol_interfaces/hook/ld_library_path_lib.sh'
[8.008s] Level 1:colcon.colcon_core.environment:checking '/home/rosking/chapt7/chapt7_ws/install/autopatol_interfaces/bin'
[8.008s] Level 1:colcon.colcon_core.environment:checking '/home/rosking/chapt7/chapt7_ws/install/autopatol_interfaces/lib/pkgconfig/autopatol_interfaces.pc'
[8.008s] Level 1:colcon.colcon_core.environment:checking '/home/rosking/chapt7/chapt7_ws/install/autopatol_interfaces/lib/python3.10/site-packages'
[8.008s] Level 1:colcon.colcon_core.environment:checking '/home/rosking/chapt7/chapt7_ws/install/autopatol_interfaces/bin'
[8.008s] INFO:colcon.colcon_core.shell:Creating package script '/home/rosking/chapt7/chapt7_ws/install/autopatol_interfaces/share/autopatol_interfaces/package.ps1'
[8.008s] INFO:colcon.colcon_core.shell:Creating package descriptor '/home/rosking/chapt7/chapt7_ws/install/autopatol_interfaces/share/autopatol_interfaces/package.dsv'
[8.009s] INFO:colcon.colcon_core.shell:Creating package script '/home/rosking/chapt7/chapt7_ws/install/autopatol_interfaces/share/autopatol_interfaces/package.sh'
[8.009s] INFO:colcon.colcon_core.shell:Creating package script '/home/rosking/chapt7/chapt7_ws/install/autopatol_interfaces/share/autopatol_interfaces/package.bash'
[8.009s] INFO:colcon.colcon_core.shell:Creating package script '/home/rosking/chapt7/chapt7_ws/install/autopatol_interfaces/share/autopatol_interfaces/package.zsh'
[8.009s] Level 1:colcon.colcon_core.environment:create_file_with_runtime_dependencies(/home/rosking/chapt7/chapt7_ws/install/autopatol_interfaces/share/colcon-core/packages/autopatol_interfaces)
[8.009s] DEBUG:colcon.colcon_parallel_executor.executor.parallel:closing loop
[8.010s] DEBUG:colcon.colcon_parallel_executor.executor.parallel:loop closed
[8.010s] DEBUG:colcon.colcon_parallel_executor.executor.parallel:run_until_complete finished with '0'
[8.010s] DEBUG:colcon.colcon_core.event_reactor:joining thread
[8.126s] INFO:colcon.colcon_core.plugin_system:Skipping extension 'colcon_notification.desktop_notification.notify_send': Could not find 'notify-send'
[8.126s] INFO:colcon.colcon_core.plugin_system:Skipping extension 'colcon_notification.desktop_notification.terminal_notifier': Not used on non-Darwin systems
[8.126s] INFO:colcon.colcon_core.plugin_system:Skipping extension 'colcon_notification.desktop_notification.win32': Not used on non-Windows systems
[8.126s] INFO:colcon.colcon_notification.desktop_notification:Sending desktop notification using 'notify2'
[8.134s] DEBUG:colcon.colcon_notification.desktop_notification.notify2:Failed to initialize notify2: org.freedesktop.DBus.Error.ServiceUnknown: The name org.freedesktop.Notifications was not provided by any .service files
[8.134s] DEBUG:colcon.colcon_core.event_reactor:joined thread
[8.135s] INFO:colcon.colcon_core.shell:Creating prefix script '/home/rosking/chapt7/chapt7_ws/install/local_setup.ps1'
[8.135s] INFO:colcon.colcon_core.shell:Creating prefix util module '/home/rosking/chapt7/chapt7_ws/install/_local_setup_util_ps1.py'
[8.136s] INFO:colcon.colcon_core.shell:Creating prefix chain script '/home/rosking/chapt7/chapt7_ws/install/setup.ps1'
[8.137s] INFO:colcon.colcon_core.shell:Creating prefix script '/home/rosking/chapt7/chapt7_ws/install/local_setup.sh'
[8.137s] INFO:colcon.colcon_core.shell:Creating prefix util module '/home/rosking/chapt7/chapt7_ws/install/_local_setup_util_sh.py'
[8.138s] INFO:colcon.colcon_core.shell:Creating prefix chain script '/home/rosking/chapt7/chapt7_ws/install/setup.sh'
[8.138s] INFO:colcon.colcon_core.shell:Creating prefix script '/home/rosking/chapt7/chapt7_ws/install/local_setup.bash'
[8.139s] INFO:colcon.colcon_core.shell:Creating prefix chain script '/home/rosking/chapt7/chapt7_ws/install/setup.bash'
[8.139s] INFO:colcon.colcon_core.shell:Creating prefix script '/home/rosking/chapt7/chapt7_ws/install/local_setup.zsh'
[8.140s] INFO:colcon.colcon_core.shell:Creating prefix chain script '/home/rosking/chapt7/chapt7_ws/install/setup.zsh'
