[0.533s] Invoking command in '/home/rosking/chapt7/chapt7_ws/src/autopartol_robot': PYTHONPATH=/home/rosking/chapt7/chapt7_ws/build/autopartol_robot/prefix_override:/usr/lib/python3/dist-packages/colcon_core/task/python/colcon_distutils_commands:/home/rosking/chapt7/chapt7_ws/install/autopartol_robot/lib/python3.10/site-packages:${PYTHONPATH} /usr/bin/python3 -W ignore:setup.py install is deprecated -W ignore:easy_install command is deprecated setup.py egg_info --egg-base ../../build/autopartol_robot build --build-base /home/rosking/chapt7/chapt7_ws/build/autopartol_robot/build install --record /home/rosking/chapt7/chapt7_ws/build/autopartol_robot/install.log --single-version-externally-managed install_data
[0.639s] running egg_info
[0.639s] creating ../../build/autopartol_robot/autopartol_robot.egg-info
[0.640s] writing ../../build/autopartol_robot/autopartol_robot.egg-info/PKG-INFO
[0.640s] writing dependency_links to ../../build/autopartol_robot/autopartol_robot.egg-info/dependency_links.txt
[0.640s] writing entry points to ../../build/autopartol_robot/autopartol_robot.egg-info/entry_points.txt
[0.640s] writing requirements to ../../build/autopartol_robot/autopartol_robot.egg-info/requires.txt
[0.640s] writing top-level names to ../../build/autopartol_robot/autopartol_robot.egg-info/top_level.txt
[0.640s] writing manifest file '../../build/autopartol_robot/autopartol_robot.egg-info/SOURCES.txt'
[0.642s] reading manifest file '../../build/autopartol_robot/autopartol_robot.egg-info/SOURCES.txt'
[0.642s] writing manifest file '../../build/autopartol_robot/autopartol_robot.egg-info/SOURCES.txt'
[0.642s] running build
[0.642s] running build_py
[0.642s] creating /home/rosking/chapt7/chapt7_ws/build/autopartol_robot/build
[0.642s] creating /home/rosking/chapt7/chapt7_ws/build/autopartol_robot/build/lib
[0.643s] creating /home/rosking/chapt7/chapt7_ws/build/autopartol_robot/build/lib/autopartol_robot
[0.643s] copying autopartol_robot/__init__.py -> /home/rosking/chapt7/chapt7_ws/build/autopartol_robot/build/lib/autopartol_robot
[0.643s] copying autopartol_robot/speaker.py -> /home/rosking/chapt7/chapt7_ws/build/autopartol_robot/build/lib/autopartol_robot
[0.643s] copying autopartol_robot/partol_node.py -> /home/rosking/chapt7/chapt7_ws/build/autopartol_robot/build/lib/autopartol_robot
[0.643s] running install
[0.643s] running install_lib
[0.643s] creating /home/rosking/chapt7/chapt7_ws/install/autopartol_robot/lib/python3.10/site-packages/autopartol_robot
[0.643s] copying /home/rosking/chapt7/chapt7_ws/build/autopartol_robot/build/lib/autopartol_robot/__init__.py -> /home/rosking/chapt7/chapt7_ws/install/autopartol_robot/lib/python3.10/site-packages/autopartol_robot
[0.644s] copying /home/rosking/chapt7/chapt7_ws/build/autopartol_robot/build/lib/autopartol_robot/speaker.py -> /home/rosking/chapt7/chapt7_ws/install/autopartol_robot/lib/python3.10/site-packages/autopartol_robot
[0.644s] copying /home/rosking/chapt7/chapt7_ws/build/autopartol_robot/build/lib/autopartol_robot/partol_node.py -> /home/rosking/chapt7/chapt7_ws/install/autopartol_robot/lib/python3.10/site-packages/autopartol_robot
[0.644s] byte-compiling /home/rosking/chapt7/chapt7_ws/install/autopartol_robot/lib/python3.10/site-packages/autopartol_robot/__init__.py to __init__.cpython-310.pyc
[0.644s] byte-compiling /home/rosking/chapt7/chapt7_ws/install/autopartol_robot/lib/python3.10/site-packages/autopartol_robot/speaker.py to speaker.cpython-310.pyc
[0.645s] byte-compiling /home/rosking/chapt7/chapt7_ws/install/autopartol_robot/lib/python3.10/site-packages/autopartol_robot/partol_node.py to partol_node.cpython-310.pyc
[0.645s] running install_data
[0.645s] creating /home/rosking/chapt7/chapt7_ws/install/autopartol_robot/share/ament_index
[0.645s] creating /home/rosking/chapt7/chapt7_ws/install/autopartol_robot/share/ament_index/resource_index
[0.645s] creating /home/rosking/chapt7/chapt7_ws/install/autopartol_robot/share/ament_index/resource_index/packages
[0.645s] copying resource/autopartol_robot -> /home/rosking/chapt7/chapt7_ws/install/autopartol_robot/share/ament_index/resource_index/packages
[0.645s] copying package.xml -> /home/rosking/chapt7/chapt7_ws/install/autopartol_robot/share/autopartol_robot
[0.645s] creating /home/rosking/chapt7/chapt7_ws/install/autopartol_robot/share/autopartol_robot/launch
[0.645s] copying launch/autopartol.launch.py -> /home/rosking/chapt7/chapt7_ws/install/autopartol_robot/share/autopartol_robot/launch
[0.645s] creating /home/rosking/chapt7/chapt7_ws/install/autopartol_robot/share/autopartol_robot/config
[0.645s] copying config/partol_config.yaml -> /home/rosking/chapt7/chapt7_ws/install/autopartol_robot/share/autopartol_robot/config
[0.645s] running install_egg_info
[0.645s] Copying ../../build/autopartol_robot/autopartol_robot.egg-info to /home/rosking/chapt7/chapt7_ws/install/autopartol_robot/lib/python3.10/site-packages/autopartol_robot-0.0.0-py3.10.egg-info
[0.646s] running install_scripts
[0.656s] Installing partol_node script to /home/rosking/chapt7/chapt7_ws/install/autopartol_robot/lib/autopartol_robot
[0.656s] Installing speaker script to /home/rosking/chapt7/chapt7_ws/install/autopartol_robot/lib/autopartol_robot
[0.656s] writing list of installed files to '/home/rosking/chapt7/chapt7_ws/build/autopartol_robot/install.log'
[0.675s] Invoked command in '/home/rosking/chapt7/chapt7_ws/src/autopartol_robot' returned '0': PYTHONPATH=/home/rosking/chapt7/chapt7_ws/build/autopartol_robot/prefix_override:/usr/lib/python3/dist-packages/colcon_core/task/python/colcon_distutils_commands:/home/rosking/chapt7/chapt7_ws/install/autopartol_robot/lib/python3.10/site-packages:${PYTHONPATH} /usr/bin/python3 -W ignore:setup.py install is deprecated -W ignore:easy_install command is deprecated setup.py egg_info --egg-base ../../build/autopartol_robot build --build-base /home/rosking/chapt7/chapt7_ws/build/autopartol_robot/build install --record /home/rosking/chapt7/chapt7_ws/build/autopartol_robot/install.log --single-version-externally-managed install_data
