[0.525s] Invoking command in '/home/rosking/chapt7/chapt7_ws/src/fishbot_application': PYTHONPATH=/home/rosking/chapt7/chapt7_ws/build/fishbot_application/prefix_override:/usr/lib/python3/dist-packages/colcon_core/task/python/colcon_distutils_commands:/home/rosking/chapt7/chapt7_ws/install/fishbot_application/lib/python3.10/site-packages:${PYTHONPATH} /usr/bin/python3 -W ignore:setup.py install is deprecated -W ignore:easy_install command is deprecated setup.py egg_info --egg-base ../../build/fishbot_application build --build-base /home/rosking/chapt7/chapt7_ws/build/fishbot_application/build install --record /home/rosking/chapt7/chapt7_ws/build/fishbot_application/install.log --single-version-externally-managed install_data
[0.630s] running egg_info
[0.631s] creating ../../build/fishbot_application/fishbot_application.egg-info
[0.631s] writing ../../build/fishbot_application/fishbot_application.egg-info/PKG-INFO
[0.631s] writing dependency_links to ../../build/fishbot_application/fishbot_application.egg-info/dependency_links.txt
[0.631s] writing entry points to ../../build/fishbot_application/fishbot_application.egg-info/entry_points.txt
[0.631s] writing requirements to ../../build/fishbot_application/fishbot_application.egg-info/requires.txt
[0.631s] writing top-level names to ../../build/fishbot_application/fishbot_application.egg-info/top_level.txt
[0.631s] writing manifest file '../../build/fishbot_application/fishbot_application.egg-info/SOURCES.txt'
[0.632s] reading manifest file '../../build/fishbot_application/fishbot_application.egg-info/SOURCES.txt'
[0.632s] adding license file 'LICENSE'
[0.633s] writing manifest file '../../build/fishbot_application/fishbot_application.egg-info/SOURCES.txt'
[0.633s] running build
[0.633s] running build_py
[0.633s] creating /home/rosking/chapt7/chapt7_ws/build/fishbot_application/build
[0.634s] creating /home/rosking/chapt7/chapt7_ws/build/fishbot_application/build/lib
[0.634s] creating /home/rosking/chapt7/chapt7_ws/build/fishbot_application/build/lib/fishbot_application
[0.634s] copying fishbot_application/nav_to_pose.py -> /home/rosking/chapt7/chapt7_ws/build/fishbot_application/build/lib/fishbot_application
[0.634s] copying fishbot_application/get_robot_pose.py -> /home/rosking/chapt7/chapt7_ws/build/fishbot_application/build/lib/fishbot_application
[0.634s] copying fishbot_application/__init__.py -> /home/rosking/chapt7/chapt7_ws/build/fishbot_application/build/lib/fishbot_application
[0.634s] copying fishbot_application/init_robot_pose.py -> /home/rosking/chapt7/chapt7_ws/build/fishbot_application/build/lib/fishbot_application
[0.634s] copying fishbot_application/waypoint_follower.py -> /home/rosking/chapt7/chapt7_ws/build/fishbot_application/build/lib/fishbot_application
[0.634s] running install
[0.634s] running install_lib
[0.634s] creating /home/rosking/chapt7/chapt7_ws/install/fishbot_application/lib/python3.10/site-packages/fishbot_application
[0.634s] copying /home/rosking/chapt7/chapt7_ws/build/fishbot_application/build/lib/fishbot_application/nav_to_pose.py -> /home/rosking/chapt7/chapt7_ws/install/fishbot_application/lib/python3.10/site-packages/fishbot_application
[0.634s] copying /home/rosking/chapt7/chapt7_ws/build/fishbot_application/build/lib/fishbot_application/get_robot_pose.py -> /home/rosking/chapt7/chapt7_ws/install/fishbot_application/lib/python3.10/site-packages/fishbot_application
[0.635s] copying /home/rosking/chapt7/chapt7_ws/build/fishbot_application/build/lib/fishbot_application/__init__.py -> /home/rosking/chapt7/chapt7_ws/install/fishbot_application/lib/python3.10/site-packages/fishbot_application
[0.635s] copying /home/rosking/chapt7/chapt7_ws/build/fishbot_application/build/lib/fishbot_application/init_robot_pose.py -> /home/rosking/chapt7/chapt7_ws/install/fishbot_application/lib/python3.10/site-packages/fishbot_application
[0.635s] copying /home/rosking/chapt7/chapt7_ws/build/fishbot_application/build/lib/fishbot_application/waypoint_follower.py -> /home/rosking/chapt7/chapt7_ws/install/fishbot_application/lib/python3.10/site-packages/fishbot_application
[0.635s] byte-compiling /home/rosking/chapt7/chapt7_ws/install/fishbot_application/lib/python3.10/site-packages/fishbot_application/nav_to_pose.py to nav_to_pose.cpython-310.pyc
[0.636s] byte-compiling /home/rosking/chapt7/chapt7_ws/install/fishbot_application/lib/python3.10/site-packages/fishbot_application/get_robot_pose.py to get_robot_pose.cpython-310.pyc
[0.636s] byte-compiling /home/rosking/chapt7/chapt7_ws/install/fishbot_application/lib/python3.10/site-packages/fishbot_application/__init__.py to __init__.cpython-310.pyc
[0.636s] byte-compiling /home/rosking/chapt7/chapt7_ws/install/fishbot_application/lib/python3.10/site-packages/fishbot_application/init_robot_pose.py to init_robot_pose.cpython-310.pyc
[0.636s] byte-compiling /home/rosking/chapt7/chapt7_ws/install/fishbot_application/lib/python3.10/site-packages/fishbot_application/waypoint_follower.py to waypoint_follower.cpython-310.pyc
[0.636s] running install_data
[0.637s] creating /home/rosking/chapt7/chapt7_ws/install/fishbot_application/share/ament_index
[0.637s] creating /home/rosking/chapt7/chapt7_ws/install/fishbot_application/share/ament_index/resource_index
[0.637s] creating /home/rosking/chapt7/chapt7_ws/install/fishbot_application/share/ament_index/resource_index/packages
[0.637s] copying resource/fishbot_application -> /home/rosking/chapt7/chapt7_ws/install/fishbot_application/share/ament_index/resource_index/packages
[0.637s] copying package.xml -> /home/rosking/chapt7/chapt7_ws/install/fishbot_application/share/fishbot_application
[0.637s] running install_egg_info
[0.637s] Copying ../../build/fishbot_application/fishbot_application.egg-info to /home/rosking/chapt7/chapt7_ws/install/fishbot_application/lib/python3.10/site-packages/fishbot_application-0.0.0-py3.10.egg-info
[0.638s] running install_scripts
[0.647s] Installing get_robot_pose script to /home/rosking/chapt7/chapt7_ws/install/fishbot_application/lib/fishbot_application
[0.647s] Installing init_robot_pose script to /home/rosking/chapt7/chapt7_ws/install/fishbot_application/lib/fishbot_application
[0.647s] Installing nav_to_pose script to /home/rosking/chapt7/chapt7_ws/install/fishbot_application/lib/fishbot_application
[0.647s] Installing waypoint_follower script to /home/rosking/chapt7/chapt7_ws/install/fishbot_application/lib/fishbot_application
[0.648s] writing list of installed files to '/home/rosking/chapt7/chapt7_ws/build/fishbot_application/install.log'
[0.659s] Invoked command in '/home/rosking/chapt7/chapt7_ws/src/fishbot_application' returned '0': PYTHONPATH=/home/rosking/chapt7/chapt7_ws/build/fishbot_application/prefix_override:/usr/lib/python3/dist-packages/colcon_core/task/python/colcon_distutils_commands:/home/rosking/chapt7/chapt7_ws/install/fishbot_application/lib/python3.10/site-packages:${PYTHONPATH} /usr/bin/python3 -W ignore:setup.py install is deprecated -W ignore:easy_install command is deprecated setup.py egg_info --egg-base ../../build/fishbot_application build --build-base /home/rosking/chapt7/chapt7_ws/build/fishbot_application/build install --record /home/rosking/chapt7/chapt7_ws/build/fishbot_application/install.log --single-version-externally-managed install_data
